<?xml version="1.0" encoding="UTF-8"?>
<!-- Generated by org.testng.reporters.JUnitXMLReporter -->
<testsuite ignored="0" hostname="DESKTOP-IANG15V" failures="1" tests="2" name="PruebaEnChrome" time="11.542" errors="0" timestamp="2022-05-27T21:13:05 ART">
  <testcase classname="Edit.EducacionIT04May2022.Laboratorio6" name="buscarPalabra" time="2.255"/>
  <testcase classname="Edit.EducacionIT04May2022.Laboratorio6" name="irAContactanos" time="1.708">
    <failure type="org.openqa.selenium.InvalidArgumentException" message="invalid argument: File not found : C:\addIntegerData.txt
  (Session info: chrome=102.0.5005.62)
Build info: version: &amp;apos;4.1.4&amp;apos;, revision: &amp;apos;535d840ee2&amp;apos;
System info: host: &amp;apos;DESKTOP-IANG15V&amp;apos;, ip: &amp;apos;192.168.18.11&amp;apos;, os.name: &amp;apos;Windows 10&amp;apos;, os.arch: &amp;apos;amd64&amp;apos;, os.version: &amp;apos;10.0&amp;apos;, java.version: &amp;apos;14.0.1&amp;apos;
Driver info: org.openqa.selenium.chrome.ChromeDriver
Command: [c5368e0754bf7598b5bb9c6ac8d0a234, sendKeysToElement {id=559b7d22-a4f9-4c9d-8e7d-ca23f3978c78, value=[Ljava.lang.CharSequence;@44f3fe83}]
Capabilities {acceptInsecureCerts: false, browserName: chrome, browserVersion: 102.0.5005.62, chrome: {chromedriverVersion: 101.0.4951.41 (93c720db8323..., userDataDir: C:\Users\Usuario\AppData\Lo...}, goog:chromeOptions: {debuggerAddress: localhost:51016}, javascriptEnabled: true, networkConnectionEnabled: false, pageLoadStrategy: normal, platform: WINDOWS, platformName: WINDOWS, proxy: Proxy(), se:cdp: ws://localhost:51016/devtoo..., se:cdpVersion: 102.0.5005.62, setWindowRect: true, strictFileInteractability: false, timeouts: {implicit: 0, pageLoad: 300000, script: 30000}, unhandledPromptBehavior: dismiss and notify, webauthn:extension:credBlob: true, webauthn:extension:largeBlob: true, webauthn:virtualAuthenticators: true}
Element: [[ChromeDriver: chrome on WINDOWS (c5368e0754bf7598b5bb9c6ac8d0a234)] -&amp;gt; id: fileUpload]
Session ID: c5368e0754bf7598b5bb9c6ac8d0a234">
      <![CDATA[org.openqa.selenium.InvalidArgumentException: invalid argument: File not found : C:\addIntegerData.txt
  (Session info: chrome=102.0.5005.62)
Build info: version: '4.1.4', revision: '535d840ee2'
System info: host: 'DESKTOP-IANG15V', ip: '192.168.18.11', os.name: 'Windows 10', os.arch: 'amd64', os.version: '10.0', java.version: '14.0.1'
Driver info: org.openqa.selenium.chrome.ChromeDriver
Command: [c5368e0754bf7598b5bb9c6ac8d0a234, sendKeysToElement {id=559b7d22-a4f9-4c9d-8e7d-ca23f3978c78, value=[Ljava.lang.CharSequence;@44f3fe83}]
Capabilities {acceptInsecureCerts: false, browserName: chrome, browserVersion: 102.0.5005.62, chrome: {chromedriverVersion: 101.0.4951.41 (93c720db8323..., userDataDir: C:\Users\Usuario\AppData\Lo...}, goog:chromeOptions: {debuggerAddress: localhost:51016}, javascriptEnabled: true, networkConnectionEnabled: false, pageLoadStrategy: normal, platform: WINDOWS, platformName: WINDOWS, proxy: Proxy(), se:cdp: ws://localhost:51016/devtoo..., se:cdpVersion: 102.0.5005.62, setWindowRect: true, strictFileInteractability: false, timeouts: {implicit: 0, pageLoad: 300000, script: 30000}, unhandledPromptBehavior: dismiss and notify, webauthn:extension:credBlob: true, webauthn:extension:largeBlob: true, webauthn:virtualAuthenticators: true}
Element: [[ChromeDriver: chrome on WINDOWS (c5368e0754bf7598b5bb9c6ac8d0a234)] -> id: fileUpload]
Session ID: c5368e0754bf7598b5bb9c6ac8d0a234
at org.openqa.selenium.remote.codec.w3c.W3CHttpResponseCodec.createException(W3CHttpResponseCodec.java:200)
at org.openqa.selenium.remote.codec.w3c.W3CHttpResponseCodec.decode(W3CHttpResponseCodec.java:133)
at org.openqa.selenium.remote.codec.w3c.W3CHttpResponseCodec.decode(W3CHttpResponseCodec.java:53)
at org.openqa.selenium.remote.HttpCommandExecutor.execute(HttpCommandExecutor.java:184)
at org.openqa.selenium.remote.service.DriverCommandExecutor.invokeExecute(DriverCommandExecutor.java:167)
at org.openqa.selenium.remote.service.DriverCommandExecutor.execute(DriverCommandExecutor.java:142)
at org.openqa.selenium.remote.RemoteWebDriver.execute(RemoteWebDriver.java:567)
at org.openqa.selenium.remote.RemoteWebElement.execute(RemoteWebElement.java:251)
at org.openqa.selenium.remote.RemoteWebElement.sendKeys(RemoteWebElement.java:107)
at Edit.EducacionIT04May2022.Laboratorio6.irAContactanos(Laboratorio6.java:59)
at java.base/java.util.ArrayList.forEach(ArrayList.java:1510)
... Removed 32 stack frames]]>
    </failure>
  </testcase> <!-- irAContactanos -->
</testsuite> <!-- PruebaEnChrome -->
